<?xml version="1.0" encoding="UTF-8"?>
<!-- Generated by org.testng.reporters.JUnitReportReporter -->
<testsuite hostname="DESKTOP-20QVDOE" failures="0" tests="1" name="Testng" time="33.458" errors="0" timestamp="2021-03-02T01:11:30 IST" skipped="0">
  <testcase classname="Testng" name="Login_Page" time="33.458"/>
</testsuite> <!-- Testng -->
