<?xml version="1.0" encoding="UTF-8"?>
<!-- Generated by org.testng.reporters.JUnitReportReporter -->
<testsuite hostname="DESKTOP-20QVDOE" failures="0" tests="4" name="Asserts" time="0.023" errors="0" timestamp="2021-03-02T01:01:18 IST" skipped="0">
  <testcase classname="Asserts" name="sub" time="0.003"/>
  <testcase classname="Asserts" name="mul" time="0.003"/>
  <testcase classname="Asserts" name="sum" time="0.002"/>
  <testcase classname="Asserts" name="div" time="0.015"/>
</testsuite> <!-- Asserts -->
