<?xml version="1.0" encoding="UTF-8"?>
<!-- Generated by org.testng.reporters.JUnitReportReporter -->
<testsuite hostname="DESKTOP-20QVDOE" failures="0" tests="4" name="testcasesgroup" time="0.033" errors="0" timestamp="2021-03-02T04:02:05 IST" skipped="0">
  <testcase classname="testcasesgroup" name="Test3" time="0.001"/>
  <testcase classname="testcasesgroup" name="Test4" time="0.006"/>
  <testcase classname="testcasesgroup" name="Test1" time="0.024"/>
  <testcase classname="testcasesgroup" name="Test2" time="0.002"/>
</testsuite> <!-- testcasesgroup -->
